app/build/intermediates/manifest_merge_blame_file/debug/manifest-merger-blame-debug-report.txt
1<?xml version="1.0" encoding="utf-8"?>
2<manifest xmlns:android="http://schemas.android.com/apk/res/android"
3    package="com.myapp.dstekup"
4    android:versionCode="1"
5    android:versionName="1.0" >
6
7    <uses-sdk
8        android:minSdkVersion="21"
8-->src\main\AndroidManifest.xml
9        android:targetSdkVersion="30" />
9-->src\main\AndroidManifest.xml
10
11    <uses-permission android:name="android.permission.READ_EXTERNAL_STORAGE" />
11-->src\main\AndroidManifest.xml:5:5-80
11-->src\main\AndroidManifest.xml:5:22-77
12    <uses-permission android:name="android.permission.INTERNET" />
12-->src\main\AndroidManifest.xml:6:5-67
12-->src\main\AndroidManifest.xml:6:22-64
13
14    <!-- Although the *SdkVersion is captured in gradle build files, this is required for non gradle builds -->
15    <!-- <uses-sdk android:minSdkVersion="14" /> -->
16    <uses-permission android:name="android.permission.ACCESS_NETWORK_STATE" /> <!-- Required by older versions of Google Play services to create GCM registration tokens -->
16-->[com.google.firebase:firebase-firestore:23.0.1] AndroidManifest.xml:13:5-79
16-->[com.google.firebase:firebase-firestore:23.0.1] AndroidManifest.xml:13:22-76
17    <uses-permission android:name="com.google.android.c2dm.permission.RECEIVE" />
17-->[com.google.android.gms:play-services-gcm:17.0.0] AndroidManifest.xml:23:5-82
17-->[com.google.android.gms:play-services-gcm:17.0.0] AndroidManifest.xml:23:22-79
18    <uses-permission android:name="android.permission.WAKE_LOCK" />
18-->[com.google.firebase:firebase-messaging:22.0.0] AndroidManifest.xml:23:5-68
18-->[com.google.firebase:firebase-messaging:22.0.0] AndroidManifest.xml:23:22-65
19    <uses-permission android:name="com.google.android.finsky.permission.BIND_GET_INSTALL_REFERRER_SERVICE" />
19-->[com.google.android.gms:play-services-measurement:19.0.0] AndroidManifest.xml:26:5-110
19-->[com.google.android.gms:play-services-measurement:19.0.0] AndroidManifest.xml:26:22-107
20
21    <application
21-->src\main\AndroidManifest.xml:8:5-39:19
22        android:allowBackup="true"
22-->src\main\AndroidManifest.xml:9:9-35
23        android:appComponentFactory="androidx.core.app.CoreComponentFactory"
23-->[androidx.core:core:1.3.1] AndroidManifest.xml:24:18-86
24        android:debuggable="true"
25        android:icon="@drawable/icon"
25-->src\main\AndroidManifest.xml:10:9-38
26        android:label="EasyCondo"
26-->src\main\AndroidManifest.xml:11:9-34
27        android:roundIcon="@drawable/icon"
27-->src\main\AndroidManifest.xml:12:9-43
28        android:supportsRtl="true"
28-->src\main\AndroidManifest.xml:13:9-35
29        android:testOnly="true"
30        android:theme="@style/Theme.AppCompat.NoActionBar" >
30-->src\main\AndroidManifest.xml:14:9-59
31        <activity android:name="com.myapp.dstekup.leboncopro.Controller.MainActivity" >
31-->src\main\AndroidManifest.xml:15:9-21:20
31-->src\main\AndroidManifest.xml:15:19-58
32            <intent-filter>
32-->src\main\AndroidManifest.xml:16:13-20:29
33                <action android:name="android.intent.action.MAIN" />
33-->src\main\AndroidManifest.xml:17:17-69
33-->src\main\AndroidManifest.xml:17:25-66
34
35                <category android:name="android.intent.category.LAUNCHER" />
35-->src\main\AndroidManifest.xml:19:17-77
35-->src\main\AndroidManifest.xml:19:27-74
36            </intent-filter>
37        </activity>
38        <activity android:name="com.myapp.dstekup.leboncopro.Controller.HomeActivity" />
38-->src\main\AndroidManifest.xml:22:9-61
38-->src\main\AndroidManifest.xml:22:19-58
39        <activity android:name="com.myapp.dstekup.leboncopro.Controller.RegisterActivity" />
39-->src\main\AndroidManifest.xml:23:9-65
39-->src\main\AndroidManifest.xml:23:19-62
40        <activity android:name="com.myapp.dstekup.leboncopro.Controller.MenuActivity" />
40-->src\main\AndroidManifest.xml:24:9-61
40-->src\main\AndroidManifest.xml:24:19-58
41        <activity android:name="com.myapp.dstekup.leboncopro.Controller.IncidentActivity" />
41-->src\main\AndroidManifest.xml:25:9-65
41-->src\main\AndroidManifest.xml:25:19-62
42        <activity android:name="com.myapp.dstekup.leboncopro.Controller.ReportingActivity" />
42-->src\main\AndroidManifest.xml:26:9-66
42-->src\main\AndroidManifest.xml:26:19-63
43        <activity android:name="com.myapp.dstekup.leboncopro.Controller.NextActivity" />
43-->src\main\AndroidManifest.xml:27:9-61
43-->src\main\AndroidManifest.xml:27:19-58
44        <activity android:name="com.myapp.dstekup.leboncopro.Controller.EditActivity" />
44-->src\main\AndroidManifest.xml:28:9-61
44-->src\main\AndroidManifest.xml:28:19-58
45        <activity android:name="com.myapp.dstekup.leboncopro.Controller.CondoActivity" />
45-->src\main\AndroidManifest.xml:29:9-62
45-->src\main\AndroidManifest.xml:29:19-59
46        <activity android:name="com.myapp.dstekup.leboncopro.Controller.Register2Activity" />
46-->src\main\AndroidManifest.xml:30:9-66
46-->src\main\AndroidManifest.xml:30:19-63
47        <activity android:name="com.myapp.dstekup.leboncopro.Controller.RequestActivity" />
47-->src\main\AndroidManifest.xml:31:9-64
47-->src\main\AndroidManifest.xml:31:19-61
48        <activity android:name="com.myapp.dstekup.leboncopro.Controller.DetailsActivity" />
48-->src\main\AndroidManifest.xml:32:9-64
48-->src\main\AndroidManifest.xml:32:19-61
49        <activity android:name="com.myapp.dstekup.leboncopro.Controller.NotificationActivity" />
49-->src\main\AndroidManifest.xml:33:9-69
49-->src\main\AndroidManifest.xml:33:19-66
50        <activity android:name="com.myapp.dstekup.leboncopro.Controller.ContaintActivity" />
50-->src\main\AndroidManifest.xml:34:9-65
50-->src\main\AndroidManifest.xml:34:19-62
51        <activity android:name="com.myapp.dstekup.leboncopro.Controller.WaitingActivity" />
51-->src\main\AndroidManifest.xml:35:9-64
51-->src\main\AndroidManifest.xml:35:19-61
52        <activity android:name="com.myapp.dstekup.leboncopro.Controller.PaymentActivity" />
52-->src\main\AndroidManifest.xml:36:9-64
52-->src\main\AndroidManifest.xml:36:19-61
53        <activity android:name="com.myapp.dstekup.leboncopro.Controller.ExpenditureActivity" />
53-->src\main\AndroidManifest.xml:37:9-68
53-->src\main\AndroidManifest.xml:37:19-65
54        <activity android:name="com.myapp.dstekup.leboncopro.Controller.ContentActivity" />
54-->src\main\AndroidManifest.xml:38:9-73
54-->src\main\AndroidManifest.xml:38:19-61
55
56        <service
56-->[com.google.firebase:firebase-firestore:23.0.1] AndroidManifest.xml:17:9-23:19
57            android:name="com.google.firebase.components.ComponentDiscoveryService"
57-->[com.google.firebase:firebase-firestore:23.0.1] AndroidManifest.xml:18:13-84
58            android:directBootAware="true"
58-->[com.google.firebase:firebase-common:20.0.0] AndroidManifest.xml:35:13-43
59            android:exported="false" >
59-->[com.google.firebase:firebase-firestore:23.0.1] AndroidManifest.xml:19:13-37
60            <meta-data
60-->[com.google.firebase:firebase-firestore:23.0.1] AndroidManifest.xml:20:13-22:85
61                android:name="com.google.firebase.components:com.google.firebase.firestore.FirestoreRegistrar"
61-->[com.google.firebase:firebase-firestore:23.0.1] AndroidManifest.xml:21:17-111
62                android:value="com.google.firebase.components.ComponentRegistrar" />
62-->[com.google.firebase:firebase-firestore:23.0.1] AndroidManifest.xml:22:17-82
63            <meta-data
63-->[com.google.firebase:firebase-auth:21.0.1] AndroidManifest.xml:77:13-79:85
64                android:name="com.google.firebase.components:com.google.firebase.auth.FirebaseAuthRegistrar"
64-->[com.google.firebase:firebase-auth:21.0.1] AndroidManifest.xml:78:17-109
65                android:value="com.google.firebase.components.ComponentRegistrar" />
65-->[com.google.firebase:firebase-auth:21.0.1] AndroidManifest.xml:79:17-82
66            <meta-data
66-->[com.google.firebase:firebase-database:20.0.0] AndroidManifest.xml:32:13-34:85
67                android:name="com.google.firebase.components:com.google.firebase.database.DatabaseRegistrar"
67-->[com.google.firebase:firebase-database:20.0.0] AndroidManifest.xml:33:17-109
68                android:value="com.google.firebase.components.ComponentRegistrar" />
68-->[com.google.firebase:firebase-database:20.0.0] AndroidManifest.xml:34:17-82
69            <meta-data
69-->[com.google.firebase:firebase-storage:20.0.0] AndroidManifest.xml:33:13-35:85
70                android:name="com.google.firebase.components:com.google.firebase.storage.StorageRegistrar"
70-->[com.google.firebase:firebase-storage:20.0.0] AndroidManifest.xml:34:17-107
71                android:value="com.google.firebase.components.ComponentRegistrar" />
71-->[com.google.firebase:firebase-storage:20.0.0] AndroidManifest.xml:35:17-82
72            <meta-data
72-->[com.google.firebase:firebase-messaging:22.0.0] AndroidManifest.xml:52:13-54:85
73                android:name="com.google.firebase.components:com.google.firebase.messaging.FirebaseMessagingRegistrar"
73-->[com.google.firebase:firebase-messaging:22.0.0] AndroidManifest.xml:53:17-119
74                android:value="com.google.firebase.components.ComponentRegistrar" />
74-->[com.google.firebase:firebase-messaging:22.0.0] AndroidManifest.xml:54:17-82
75            <meta-data
75-->[com.google.firebase:firebase-datatransport:18.0.0] AndroidManifest.xml:28:13-30:85
76                android:name="com.google.firebase.components:com.google.firebase.datatransport.TransportRegistrar"
76-->[com.google.firebase:firebase-datatransport:18.0.0] AndroidManifest.xml:29:17-115
77                android:value="com.google.firebase.components.ComponentRegistrar" />
77-->[com.google.firebase:firebase-datatransport:18.0.0] AndroidManifest.xml:30:17-82
78            <meta-data
78-->[com.google.android.gms:play-services-measurement-api:19.0.0] AndroidManifest.xml:30:13-32:85
79                android:name="com.google.firebase.components:com.google.firebase.analytics.connector.internal.AnalyticsConnectorRegistrar"
79-->[com.google.android.gms:play-services-measurement-api:19.0.0] AndroidManifest.xml:31:17-139
80                android:value="com.google.firebase.components.ComponentRegistrar" />
80-->[com.google.android.gms:play-services-measurement-api:19.0.0] AndroidManifest.xml:32:17-82
81            <meta-data
81-->[com.google.firebase:firebase-installations:17.0.0] AndroidManifest.xml:18:13-20:85
82                android:name="com.google.firebase.components:com.google.firebase.installations.FirebaseInstallationsRegistrar"
82-->[com.google.firebase:firebase-installations:17.0.0] AndroidManifest.xml:19:17-127
83                android:value="com.google.firebase.components.ComponentRegistrar" />
83-->[com.google.firebase:firebase-installations:17.0.0] AndroidManifest.xml:20:17-82
84        </service>
85
86        <activity
86-->[com.google.firebase:firebase-auth:21.0.1] AndroidManifest.xml:27:9-44:20
87            android:name="com.google.firebase.auth.internal.GenericIdpActivity"
87-->[com.google.firebase:firebase-auth:21.0.1] AndroidManifest.xml:28:13-80
88            android:excludeFromRecents="true"
88-->[com.google.firebase:firebase-auth:21.0.1] AndroidManifest.xml:29:13-46
89            android:exported="true"
89-->[com.google.firebase:firebase-auth:21.0.1] AndroidManifest.xml:30:13-36
90            android:launchMode="singleTask"
90-->[com.google.firebase:firebase-auth:21.0.1] AndroidManifest.xml:31:13-44
91            android:theme="@android:style/Theme.Translucent.NoTitleBar" >
91-->[com.google.firebase:firebase-auth:21.0.1] AndroidManifest.xml:32:13-72
92            <intent-filter>
92-->[com.google.firebase:firebase-auth:21.0.1] AndroidManifest.xml:33:13-43:29
93                <action android:name="android.intent.action.VIEW" />
93-->[com.google.firebase:firebase-auth:21.0.1] AndroidManifest.xml:34:17-69
93-->[com.google.firebase:firebase-auth:21.0.1] AndroidManifest.xml:34:25-66
94
95                <category android:name="android.intent.category.DEFAULT" />
95-->[com.google.firebase:firebase-auth:21.0.1] AndroidManifest.xml:36:17-76
95-->[com.google.firebase:firebase-auth:21.0.1] AndroidManifest.xml:36:27-73
96                <category android:name="android.intent.category.BROWSABLE" />
96-->[com.google.firebase:firebase-auth:21.0.1] AndroidManifest.xml:37:17-78
96-->[com.google.firebase:firebase-auth:21.0.1] AndroidManifest.xml:37:27-75
97
98                <data
98-->[com.google.firebase:firebase-auth:21.0.1] AndroidManifest.xml:39:17-42:51
99                    android:host="firebase.auth"
99-->[com.google.firebase:firebase-auth:21.0.1] AndroidManifest.xml:40:21-49
100                    android:path="/"
100-->[com.google.firebase:firebase-auth:21.0.1] AndroidManifest.xml:41:21-37
101                    android:scheme="genericidp" />
101-->[com.google.firebase:firebase-auth:21.0.1] AndroidManifest.xml:42:21-48
102            </intent-filter>
103        </activity>
104        <activity
104-->[com.google.firebase:firebase-auth:21.0.1] AndroidManifest.xml:45:9-62:20
105            android:name="com.google.firebase.auth.internal.RecaptchaActivity"
105-->[com.google.firebase:firebase-auth:21.0.1] AndroidManifest.xml:46:13-79
106            android:excludeFromRecents="true"
106-->[com.google.firebase:firebase-auth:21.0.1] AndroidManifest.xml:47:13-46
107            android:exported="true"
107-->[com.google.firebase:firebase-auth:21.0.1] AndroidManifest.xml:48:13-36
108            android:launchMode="singleTask"
108-->[com.google.firebase:firebase-auth:21.0.1] AndroidManifest.xml:49:13-44
109            android:theme="@android:style/Theme.Translucent.NoTitleBar" >
109-->[com.google.firebase:firebase-auth:21.0.1] AndroidManifest.xml:50:13-72
110            <intent-filter>
110-->[com.google.firebase:firebase-auth:21.0.1] AndroidManifest.xml:51:13-61:29
111                <action android:name="android.intent.action.VIEW" />
111-->[com.google.firebase:firebase-auth:21.0.1] AndroidManifest.xml:34:17-69
111-->[com.google.firebase:firebase-auth:21.0.1] AndroidManifest.xml:34:25-66
112
113                <category android:name="android.intent.category.DEFAULT" />
113-->[com.google.firebase:firebase-auth:21.0.1] AndroidManifest.xml:36:17-76
113-->[com.google.firebase:firebase-auth:21.0.1] AndroidManifest.xml:36:27-73
114                <category android:name="android.intent.category.BROWSABLE" />
114-->[com.google.firebase:firebase-auth:21.0.1] AndroidManifest.xml:37:17-78
114-->[com.google.firebase:firebase-auth:21.0.1] AndroidManifest.xml:37:27-75
115
116                <data
116-->[com.google.firebase:firebase-auth:21.0.1] AndroidManifest.xml:39:17-42:51
117                    android:host="firebase.auth"
117-->[com.google.firebase:firebase-auth:21.0.1] AndroidManifest.xml:40:21-49
118                    android:path="/"
118-->[com.google.firebase:firebase-auth:21.0.1] AndroidManifest.xml:41:21-37
119                    android:scheme="recaptcha" />
119-->[com.google.firebase:firebase-auth:21.0.1] AndroidManifest.xml:42:21-48
120            </intent-filter>
121        </activity>
122
123        <service
123-->[com.google.firebase:firebase-auth:21.0.1] AndroidManifest.xml:64:9-73:19
124            android:name="com.google.firebase.auth.api.fallback.service.FirebaseAuthFallbackService"
124-->[com.google.firebase:firebase-auth:21.0.1] AndroidManifest.xml:65:13-101
125            android:enabled="true"
125-->[com.google.firebase:firebase-auth:21.0.1] AndroidManifest.xml:66:13-35
126            android:exported="false" >
126-->[com.google.firebase:firebase-auth:21.0.1] AndroidManifest.xml:67:13-37
127            <intent-filter>
127-->[com.google.firebase:firebase-auth:21.0.1] AndroidManifest.xml:68:13-72:29
128                <action android:name="com.google.firebase.auth.api.gms.service.START" />
128-->[com.google.firebase:firebase-auth:21.0.1] AndroidManifest.xml:69:17-89
128-->[com.google.firebase:firebase-auth:21.0.1] AndroidManifest.xml:69:25-86
129
130                <category android:name="android.intent.category.DEFAULT" />
130-->[com.google.firebase:firebase-auth:21.0.1] AndroidManifest.xml:36:17-76
130-->[com.google.firebase:firebase-auth:21.0.1] AndroidManifest.xml:36:27-73
131            </intent-filter>
132        </service>
133
134        <receiver
134-->[com.google.firebase:firebase-messaging:22.0.0] AndroidManifest.xml:28:9-35:20
135            android:name="com.google.firebase.iid.FirebaseInstanceIdReceiver"
135-->[com.google.firebase:firebase-messaging:22.0.0] AndroidManifest.xml:29:13-78
136            android:exported="true"
136-->[com.google.firebase:firebase-messaging:22.0.0] AndroidManifest.xml:30:13-36
137            android:permission="com.google.android.c2dm.permission.SEND" >
137-->[com.google.firebase:firebase-messaging:22.0.0] AndroidManifest.xml:31:13-73
138            <intent-filter>
138-->[com.google.firebase:firebase-messaging:22.0.0] AndroidManifest.xml:32:13-34:29
139                <action android:name="com.google.android.c2dm.intent.RECEIVE" />
139-->[com.google.firebase:firebase-messaging:22.0.0] AndroidManifest.xml:33:17-81
139-->[com.google.firebase:firebase-messaging:22.0.0] AndroidManifest.xml:33:25-78
140            </intent-filter>
141        </receiver>
142        <!--
143             FirebaseMessagingService performs security checks at runtime,
144             but set to not exported to explicitly avoid allowing another app to call it.
145        -->
146        <service
146-->[com.google.firebase:firebase-messaging:22.0.0] AndroidManifest.xml:41:9-48:19
147            android:name="com.google.firebase.messaging.FirebaseMessagingService"
147-->[com.google.firebase:firebase-messaging:22.0.0] AndroidManifest.xml:42:13-82
148            android:directBootAware="true"
148-->[com.google.firebase:firebase-messaging:22.0.0] AndroidManifest.xml:43:13-43
149            android:exported="false" >
149-->[com.google.firebase:firebase-messaging:22.0.0] AndroidManifest.xml:44:13-37
150            <intent-filter android:priority="-500" >
150-->[com.google.firebase:firebase-messaging:22.0.0] AndroidManifest.xml:45:13-47:29
150-->[com.google.firebase:firebase-messaging:22.0.0] AndroidManifest.xml:45:28-51
151                <action android:name="com.google.firebase.MESSAGING_EVENT" />
151-->[com.google.firebase:firebase-messaging:22.0.0] AndroidManifest.xml:46:17-78
151-->[com.google.firebase:firebase-messaging:22.0.0] AndroidManifest.xml:46:25-75
152            </intent-filter>
153        </service>
154        <service
154-->[com.google.android.datatransport:transport-backend-cct:3.0.0] AndroidManifest.xml:29:9-35:19
155            android:name="com.google.android.datatransport.runtime.backends.TransportBackendDiscovery"
155-->[com.google.android.datatransport:transport-backend-cct:3.0.0] AndroidManifest.xml:30:13-103
156            android:exported="false" >
156-->[com.google.android.datatransport:transport-backend-cct:3.0.0] AndroidManifest.xml:31:13-37
157            <meta-data
157-->[com.google.android.datatransport:transport-backend-cct:3.0.0] AndroidManifest.xml:32:13-34:39
158                android:name="backend:com.google.android.datatransport.cct.CctBackendFactory"
158-->[com.google.android.datatransport:transport-backend-cct:3.0.0] AndroidManifest.xml:33:17-94
159                android:value="cct" />
159-->[com.google.android.datatransport:transport-backend-cct:3.0.0] AndroidManifest.xml:34:17-36
160        </service>
161
162        <provider
162-->[com.google.firebase:firebase-common:20.0.0] AndroidManifest.xml:26:9-31:39
163            android:name="com.google.firebase.provider.FirebaseInitProvider"
163-->[com.google.firebase:firebase-common:20.0.0] AndroidManifest.xml:27:13-77
164            android:authorities="com.myapp.dstekup.firebaseinitprovider"
164-->[com.google.firebase:firebase-common:20.0.0] AndroidManifest.xml:28:13-72
165            android:directBootAware="true"
165-->[com.google.firebase:firebase-common:20.0.0] AndroidManifest.xml:29:13-43
166            android:exported="false"
166-->[com.google.firebase:firebase-common:20.0.0] AndroidManifest.xml:30:13-37
167            android:initOrder="100" />
167-->[com.google.firebase:firebase-common:20.0.0] AndroidManifest.xml:31:13-36
168
169        <receiver
169-->[com.google.android.gms:play-services-measurement:19.0.0] AndroidManifest.xml:29:9-33:20
170            android:name="com.google.android.gms.measurement.AppMeasurementReceiver"
170-->[com.google.android.gms:play-services-measurement:19.0.0] AndroidManifest.xml:30:13-85
171            android:enabled="true"
171-->[com.google.android.gms:play-services-measurement:19.0.0] AndroidManifest.xml:31:13-35
172            android:exported="false" >
172-->[com.google.android.gms:play-services-measurement:19.0.0] AndroidManifest.xml:32:13-37
173        </receiver>
174
175        <service
175-->[com.google.android.gms:play-services-measurement:19.0.0] AndroidManifest.xml:35:9-38:40
176            android:name="com.google.android.gms.measurement.AppMeasurementService"
176-->[com.google.android.gms:play-services-measurement:19.0.0] AndroidManifest.xml:36:13-84
177            android:enabled="true"
177-->[com.google.android.gms:play-services-measurement:19.0.0] AndroidManifest.xml:37:13-35
178            android:exported="false" />
178-->[com.google.android.gms:play-services-measurement:19.0.0] AndroidManifest.xml:38:13-37
179        <service
179-->[com.google.android.gms:play-services-measurement:19.0.0] AndroidManifest.xml:39:9-43:72
180            android:name="com.google.android.gms.measurement.AppMeasurementJobService"
180-->[com.google.android.gms:play-services-measurement:19.0.0] AndroidManifest.xml:40:13-87
181            android:enabled="true"
181-->[com.google.android.gms:play-services-measurement:19.0.0] AndroidManifest.xml:41:13-35
182            android:exported="false"
182-->[com.google.android.gms:play-services-measurement:19.0.0] AndroidManifest.xml:42:13-37
183            android:permission="android.permission.BIND_JOB_SERVICE" />
183-->[com.google.android.gms:play-services-measurement:19.0.0] AndroidManifest.xml:43:13-69
184
185        <activity
185-->[com.google.android.gms:play-services-base:17.1.0] AndroidManifest.xml:23:9-26:75
186            android:name="com.google.android.gms.common.api.GoogleApiActivity"
186-->[com.google.android.gms:play-services-base:17.1.0] AndroidManifest.xml:24:13-79
187            android:exported="false"
187-->[com.google.android.gms:play-services-base:17.1.0] AndroidManifest.xml:25:13-37
188            android:theme="@android:style/Theme.Translucent.NoTitleBar" />
188-->[com.google.android.gms:play-services-base:17.1.0] AndroidManifest.xml:26:13-72
189
190        <meta-data
190-->[com.google.android.gms:play-services-basement:17.1.0] AndroidManifest.xml:23:9-25:69
191            android:name="com.google.android.gms.version"
191-->[com.google.android.gms:play-services-basement:17.1.0] AndroidManifest.xml:24:13-58
192            android:value="@integer/google_play_services_version" />
192-->[com.google.android.gms:play-services-basement:17.1.0] AndroidManifest.xml:25:13-66
193
194        <service
194-->[com.google.android.datatransport:transport-runtime:3.0.0] AndroidManifest.xml:26:9-30:19
195            android:name="com.google.android.datatransport.runtime.scheduling.jobscheduling.JobInfoSchedulerService"
195-->[com.google.android.datatransport:transport-runtime:3.0.0] AndroidManifest.xml:27:13-117
196            android:exported="false"
196-->[com.google.android.datatransport:transport-runtime:3.0.0] AndroidManifest.xml:28:13-37
197            android:permission="android.permission.BIND_JOB_SERVICE" >
197-->[com.google.android.datatransport:transport-runtime:3.0.0] AndroidManifest.xml:29:13-69
198        </service>
199
200        <receiver
200-->[com.google.android.datatransport:transport-runtime:3.0.0] AndroidManifest.xml:32:9-34:40
201            android:name="com.google.android.datatransport.runtime.scheduling.jobscheduling.AlarmManagerSchedulerBroadcastReceiver"
201-->[com.google.android.datatransport:transport-runtime:3.0.0] AndroidManifest.xml:33:13-132
202            android:exported="false" />
202-->[com.google.android.datatransport:transport-runtime:3.0.0] AndroidManifest.xml:34:13-37
203    </application>
204
205</manifest>